<?xml version="1.0" encoding="UTF-8"?>
<testsuite name="com.hyunro.practice.springboot.web.HelloControllerTest" tests="2" skipped="0" failures="0" errors="0" timestamp="2020-05-10T06:00:50" hostname="DUK" time="0.613">
  <properties/>
  <testcase name="helloDTO가_리턴된다" classname="com.hyunro.practice.springboot.web.HelloControllerTest" time="0.578"/>
  <testcase name="hello가_리턴된다" classname="com.hyunro.practice.springboot.web.HelloControllerTest" time="0.032"/>
  <system-out><![CDATA[2020-05-10 15:00:45.536  INFO 22020 --- [    Test worker] .b.t.a.w.s.WebMvcTestContextBootstrapper : Neither @ContextConfiguration nor @ContextHierarchy found for test class [com.hyunro.practice.springboot.web.HelloControllerTest], using SpringBootContextLoader
2020-05-10 15:00:45.539  INFO 22020 --- [    Test worker] o.s.t.c.support.AbstractContextLoader    : Could not detect default resource locations for test class [com.hyunro.practice.springboot.web.HelloControllerTest]: no resource found for suffixes {-context.xml, Context.groovy}.
2020-05-10 15:00:45.539  INFO 22020 --- [    Test worker] t.c.s.AnnotationConfigContextLoaderUtils : Could not detect default configuration classes for test class [com.hyunro.practice.springboot.web.HelloControllerTest]: HelloControllerTest does not declare any static, non-private, non-final, nested classes annotated with @Configuration.
2020-05-10 15:00:45.735  INFO 22020 --- [    Test worker] .b.t.c.SpringBootTestContextBootstrapper : Found @SpringBootConfiguration com.hyunro.practice.springboot.Application for test class com.hyunro.practice.springboot.web.HelloControllerTest
2020-05-10 15:00:45.737  INFO 22020 --- [    Test worker] .b.t.a.w.s.WebMvcTestContextBootstrapper : Loaded default TestExecutionListener class names from location [META-INF/spring.factories]: [org.springframework.security.test.context.support.WithSecurityContextTestExecutionListener, org.springframework.security.test.context.support.ReactorContextTestExecutionListener, org.springframework.boot.test.autoconfigure.restdocs.RestDocsTestExecutionListener, org.springframework.boot.test.autoconfigure.web.client.MockRestServiceServerResetTestExecutionListener, org.springframework.boot.test.autoconfigure.web.servlet.MockMvcPrintOnlyOnFailureTestExecutionListener, org.springframework.boot.test.autoconfigure.web.servlet.WebDriverTestExecutionListener, org.springframework.boot.test.mock.mockito.MockitoTestExecutionListener, org.springframework.boot.test.mock.mockito.ResetMocksTestExecutionListener, org.springframework.test.context.web.ServletTestExecutionListener, org.springframework.test.context.support.DirtiesContextBeforeModesTestExecutionListener, org.springframework.test.context.support.DependencyInjectionTestExecutionListener, org.springframework.test.context.support.DirtiesContextTestExecutionListener, org.springframework.test.context.transaction.TransactionalTestExecutionListener, org.springframework.test.context.jdbc.SqlScriptsTestExecutionListener]
2020-05-10 15:00:45.739  INFO 22020 --- [    Test worker] .b.t.a.w.s.WebMvcTestContextBootstrapper : Using TestExecutionListeners: [org.springframework.test.context.web.ServletTestExecutionListener@1bf0f641, org.springframework.test.context.support.DirtiesContextBeforeModesTestExecutionListener@56a74751, org.springframework.boot.test.mock.mockito.MockitoTestExecutionListener@48b0d16d, org.springframework.boot.test.autoconfigure.SpringBootDependencyInjectionTestExecutionListener@53972cac, org.springframework.test.context.support.DirtiesContextTestExecutionListener@4fc98a61, org.springframework.test.context.transaction.TransactionalTestExecutionListener@23b8c106, org.springframework.test.context.jdbc.SqlScriptsTestExecutionListener@6dcd47a5, org.springframework.security.test.context.support.WithSecurityContextTestExecutionListener@755f4fc, org.springframework.security.test.context.support.ReactorContextTestExecutionListener@44cecf5, org.springframework.boot.test.autoconfigure.restdocs.RestDocsTestExecutionListener@6119bd8b, org.springframework.boot.test.autoconfigure.web.client.MockRestServiceServerResetTestExecutionListener@66ee2e62, org.springframework.boot.test.autoconfigure.web.servlet.MockMvcPrintOnlyOnFailureTestExecutionListener@4eb4c457, org.springframework.boot.test.autoconfigure.web.servlet.WebDriverTestExecutionListener@2d7cb230, org.springframework.boot.test.mock.mockito.ResetMocksTestExecutionListener@125a7f1]

  .   ____          _            __ _ _
 /\\ / ___'_ __ _ _(_)_ __  __ _ \ \ \ \
( ( )\___ | '_ | '_| | '_ \/ _` | \ \ \ \
 \\/  ___)| |_)| | | | | || (_| |  ) ) ) )
  '  |____| .__|_| |_|_| |_\__, | / / / /
 =========|_|==============|___/=/_/_/_/
 :: Spring Boot ::        (v2.1.7.RELEASE)

2020-05-10 15:00:45.922  INFO 22020 --- [    Test worker] c.h.p.s.web.HelloControllerTest          : Starting HelloControllerTest on DUK with PID 22020 (started by DU Kang in C:\Users\DU Kang\mygithubprojects\SpringBoot)
2020-05-10 15:00:45.932  INFO 22020 --- [    Test worker] c.h.p.s.web.HelloControllerTest          : No active profile set, falling back to default profiles: default
2020-05-10 15:00:48.506  INFO 22020 --- [    Test worker] o.s.s.concurrent.ThreadPoolTaskExecutor  : Initializing ExecutorService 'applicationTaskExecutor'
2020-05-10 15:00:48.737  INFO 22020 --- [    Test worker] o.s.b.a.w.s.WelcomePageHandlerMapping    : Adding welcome page template: index
2020-05-10 15:00:49.772  INFO 22020 --- [    Test worker] .s.s.UserDetailsServiceAutoConfiguration : 

Using generated security password: 2211e66f-921e-44d5-bd43-2649294ae398

2020-05-10 15:00:50.297  INFO 22020 --- [    Test worker] o.s.s.web.DefaultSecurityFilterChain     : Creating filter chain: any request, [org.springframework.security.web.context.request.async.WebAsyncManagerIntegrationFilter@403a56fb, org.springframework.security.web.context.SecurityContextPersistenceFilter@67ce67ab, org.springframework.security.web.header.HeaderWriterFilter@6bdd6a64, org.springframework.security.web.csrf.CsrfFilter@cf691e0, org.springframework.security.web.authentication.logout.LogoutFilter@3b7e2d69, org.springframework.security.web.authentication.UsernamePasswordAuthenticationFilter@20071fd7, org.springframework.security.web.authentication.ui.DefaultLoginPageGeneratingFilter@59aeff81, org.springframework.security.web.authentication.ui.DefaultLogoutPageGeneratingFilter@5eb3840, org.springframework.security.web.authentication.www.BasicAuthenticationFilter@6d67428e, org.springframework.security.web.savedrequest.RequestCacheAwareFilter@6e70b33f, org.springframework.security.web.servletapi.SecurityContextHolderAwareRequestFilter@6efe7adf, org.springframework.security.web.authentication.AnonymousAuthenticationFilter@524f6941, org.springframework.security.web.session.SessionManagementFilter@539c9f6e, org.springframework.security.web.access.ExceptionTranslationFilter@524b6f92, org.springframework.security.web.access.intercept.FilterSecurityInterceptor@217ffd97]
2020-05-10 15:00:50.456  INFO 22020 --- [    Test worker] o.s.b.t.m.w.SpringBootMockServletContext : Initializing Spring TestDispatcherServlet ''
2020-05-10 15:00:50.456  INFO 22020 --- [    Test worker] o.s.t.web.servlet.TestDispatcherServlet  : Initializing Servlet ''
2020-05-10 15:00:50.510  INFO 22020 --- [    Test worker] o.s.t.web.servlet.TestDispatcherServlet  : Completed initialization in 53 ms
2020-05-10 15:00:50.676  INFO 22020 --- [    Test worker] c.h.p.s.web.HelloControllerTest          : Started HelloControllerTest in 4.93 seconds (JVM running for 35.492)
]]></system-out>
  <system-err><![CDATA[]]></system-err>
</testsuite>
