<?xml version="1.0" encoding="UTF-8"?>
<testsuite name="com.hyunro.practice.springboot.web.HelloControllerTest" tests="2" skipped="0" failures="0" errors="0" timestamp="2020-05-10T06:47:49" hostname="DUK" time="0.981">
  <properties/>
  <testcase name="helloDTO가_리턴된다" classname="com.hyunro.practice.springboot.web.HelloControllerTest" time="0.944"/>
  <testcase name="hello가_리턴된다" classname="com.hyunro.practice.springboot.web.HelloControllerTest" time="0.032"/>
  <system-out><![CDATA[2020-05-10 15:47:45.897  INFO 16520 --- [    Test worker] .b.t.a.w.s.WebMvcTestContextBootstrapper : Neither @ContextConfiguration nor @ContextHierarchy found for test class [com.hyunro.practice.springboot.web.HelloControllerTest], using SpringBootContextLoader
2020-05-10 15:47:45.900  INFO 16520 --- [    Test worker] o.s.t.c.support.AbstractContextLoader    : Could not detect default resource locations for test class [com.hyunro.practice.springboot.web.HelloControllerTest]: no resource found for suffixes {-context.xml, Context.groovy}.
2020-05-10 15:47:45.900  INFO 16520 --- [    Test worker] t.c.s.AnnotationConfigContextLoaderUtils : Could not detect default configuration classes for test class [com.hyunro.practice.springboot.web.HelloControllerTest]: HelloControllerTest does not declare any static, non-private, non-final, nested classes annotated with @Configuration.
2020-05-10 15:47:45.992  INFO 16520 --- [    Test worker] .b.t.c.SpringBootTestContextBootstrapper : Found @SpringBootConfiguration com.hyunro.practice.springboot.Application for test class com.hyunro.practice.springboot.web.HelloControllerTest
2020-05-10 15:47:46.000  INFO 16520 --- [    Test worker] .b.t.a.w.s.WebMvcTestContextBootstrapper : Loaded default TestExecutionListener class names from location [META-INF/spring.factories]: [org.springframework.security.test.context.support.WithSecurityContextTestExecutionListener, org.springframework.security.test.context.support.ReactorContextTestExecutionListener, org.springframework.boot.test.autoconfigure.restdocs.RestDocsTestExecutionListener, org.springframework.boot.test.autoconfigure.web.client.MockRestServiceServerResetTestExecutionListener, org.springframework.boot.test.autoconfigure.web.servlet.MockMvcPrintOnlyOnFailureTestExecutionListener, org.springframework.boot.test.autoconfigure.web.servlet.WebDriverTestExecutionListener, org.springframework.boot.test.mock.mockito.MockitoTestExecutionListener, org.springframework.boot.test.mock.mockito.ResetMocksTestExecutionListener, org.springframework.test.context.web.ServletTestExecutionListener, org.springframework.test.context.support.DirtiesContextBeforeModesTestExecutionListener, org.springframework.test.context.support.DependencyInjectionTestExecutionListener, org.springframework.test.context.support.DirtiesContextTestExecutionListener, org.springframework.test.context.transaction.TransactionalTestExecutionListener, org.springframework.test.context.jdbc.SqlScriptsTestExecutionListener]
2020-05-10 15:47:46.004  INFO 16520 --- [    Test worker] .b.t.a.w.s.WebMvcTestContextBootstrapper : Using TestExecutionListeners: [org.springframework.test.context.web.ServletTestExecutionListener@4dfad71b, org.springframework.test.context.support.DirtiesContextBeforeModesTestExecutionListener@43bd3702, org.springframework.boot.test.mock.mockito.MockitoTestExecutionListener@760a62c0, org.springframework.boot.test.autoconfigure.SpringBootDependencyInjectionTestExecutionListener@607f79c2, org.springframework.test.context.support.DirtiesContextTestExecutionListener@7b2638d9, org.springframework.test.context.transaction.TransactionalTestExecutionListener@51891598, org.springframework.test.context.jdbc.SqlScriptsTestExecutionListener@74b0710b, org.springframework.security.test.context.support.WithSecurityContextTestExecutionListener@6f9ab736, org.springframework.security.test.context.support.ReactorContextTestExecutionListener@2530aaec, org.springframework.boot.test.autoconfigure.restdocs.RestDocsTestExecutionListener@3c8c5e07, org.springframework.boot.test.autoconfigure.web.client.MockRestServiceServerResetTestExecutionListener@4bc358b4, org.springframework.boot.test.autoconfigure.web.servlet.MockMvcPrintOnlyOnFailureTestExecutionListener@715a65fd, org.springframework.boot.test.autoconfigure.web.servlet.WebDriverTestExecutionListener@519dc6f0, org.springframework.boot.test.mock.mockito.ResetMocksTestExecutionListener@f3fc6a2]

  .   ____          _            __ _ _
 /\\ / ___'_ __ _ _(_)_ __  __ _ \ \ \ \
( ( )\___ | '_ | '_| | '_ \/ _` | \ \ \ \
 \\/  ___)| |_)| | | | | || (_| |  ) ) ) )
  '  |____| .__|_| |_|_| |_\__, | / / / /
 =========|_|==============|___/=/_/_/_/
 :: Spring Boot ::        (v2.1.7.RELEASE)

2020-05-10 15:47:46.189  INFO 16520 --- [    Test worker] c.h.p.s.web.HelloControllerTest          : Starting HelloControllerTest on DUK with PID 16520 (started by DU Kang in C:\Users\DU Kang\mygithubprojects\SpringBoot)
2020-05-10 15:47:46.195  INFO 16520 --- [    Test worker] c.h.p.s.web.HelloControllerTest          : No active profile set, falling back to default profiles: default
2020-05-10 15:47:47.669  INFO 16520 --- [    Test worker] o.s.s.concurrent.ThreadPoolTaskExecutor  : Initializing ExecutorService 'applicationTaskExecutor'
2020-05-10 15:47:47.767  INFO 16520 --- [    Test worker] o.s.b.a.w.s.WelcomePageHandlerMapping    : Adding welcome page template: index
2020-05-10 15:47:48.487  INFO 16520 --- [    Test worker] .s.s.UserDetailsServiceAutoConfiguration : 

Using generated security password: 33f46098-d900-4e92-9181-654e12f7c9af

2020-05-10 15:47:49.105  INFO 16520 --- [    Test worker] o.s.s.web.DefaultSecurityFilterChain     : Creating filter chain: any request, [org.springframework.security.web.context.request.async.WebAsyncManagerIntegrationFilter@768f715, org.springframework.security.web.context.SecurityContextPersistenceFilter@1381e8ff, org.springframework.security.web.header.HeaderWriterFilter@2681241f, org.springframework.security.web.csrf.CsrfFilter@4b8d470f, org.springframework.security.web.authentication.logout.LogoutFilter@784c349e, org.springframework.security.web.authentication.UsernamePasswordAuthenticationFilter@4a52e0d6, org.springframework.security.web.authentication.ui.DefaultLoginPageGeneratingFilter@3817ac70, org.springframework.security.web.authentication.ui.DefaultLogoutPageGeneratingFilter@349cb51a, org.springframework.security.web.authentication.www.BasicAuthenticationFilter@2b21b7b4, org.springframework.security.web.savedrequest.RequestCacheAwareFilter@3df144ef, org.springframework.security.web.servletapi.SecurityContextHolderAwareRequestFilter@12ff3e92, org.springframework.security.web.authentication.AnonymousAuthenticationFilter@12a6382a, org.springframework.security.web.session.SessionManagementFilter@715baff, org.springframework.security.web.access.ExceptionTranslationFilter@5dde6000, org.springframework.security.web.access.intercept.FilterSecurityInterceptor@5ce773aa]
2020-05-10 15:47:49.248  INFO 16520 --- [    Test worker] o.s.b.t.m.w.SpringBootMockServletContext : Initializing Spring TestDispatcherServlet ''
2020-05-10 15:47:49.249  INFO 16520 --- [    Test worker] o.s.t.web.servlet.TestDispatcherServlet  : Initializing Servlet ''
2020-05-10 15:47:49.300  INFO 16520 --- [    Test worker] o.s.t.web.servlet.TestDispatcherServlet  : Completed initialization in 51 ms
2020-05-10 15:47:49.432  INFO 16520 --- [    Test worker] c.h.p.s.web.HelloControllerTest          : Started HelloControllerTest in 3.421 seconds (JVM running for 27.859)
]]></system-out>
  <system-err><![CDATA[]]></system-err>
</testsuite>
