<?xml version="1.0" encoding="UTF-8"?>
<testsuite name="com.hyunro.practice.springboot.domain.posts.PostsRepositoryTest" tests="2" skipped="0" failures="0" errors="0" timestamp="2020-05-10T06:00:44" hostname="DUK" time="1.205">
  <properties/>
  <testcase name="게시글저장_불러오기" classname="com.hyunro.practice.springboot.domain.posts.PostsRepositoryTest" time="1.171"/>
  <testcase name="BaseTimeENtity_등록" classname="com.hyunro.practice.springboot.domain.posts.PostsRepositoryTest" time="0.033"/>
  <system-out><![CDATA[15:00:19.298 [Test worker] DEBUG org.springframework.test.context.junit4.SpringJUnit4ClassRunner - SpringJUnit4ClassRunner constructor called with [class com.hyunro.practice.springboot.domain.posts.PostsRepositoryTest]
15:00:19.336 [Test worker] DEBUG org.springframework.test.context.BootstrapUtils - Instantiating CacheAwareContextLoaderDelegate from class [org.springframework.test.context.cache.DefaultCacheAwareContextLoaderDelegate]
15:00:19.384 [Test worker] DEBUG org.springframework.test.context.BootstrapUtils - Instantiating BootstrapContext using constructor [public org.springframework.test.context.support.DefaultBootstrapContext(java.lang.Class,org.springframework.test.context.CacheAwareContextLoaderDelegate)]
15:00:19.434 [Test worker] DEBUG org.springframework.test.context.BootstrapUtils - Instantiating TestContextBootstrapper for test class [com.hyunro.practice.springboot.domain.posts.PostsRepositoryTest] from class [org.springframework.boot.test.context.SpringBootTestContextBootstrapper]
15:00:19.478 [Test worker] INFO org.springframework.boot.test.context.SpringBootTestContextBootstrapper - Neither @ContextConfiguration nor @ContextHierarchy found for test class [com.hyunro.practice.springboot.domain.posts.PostsRepositoryTest], using SpringBootContextLoader
15:00:19.487 [Test worker] DEBUG org.springframework.test.context.support.AbstractContextLoader - Did not detect default resource location for test class [com.hyunro.practice.springboot.domain.posts.PostsRepositoryTest]: class path resource [com/hyunro/practice/springboot/domain/posts/PostsRepositoryTest-context.xml] does not exist
15:00:19.488 [Test worker] DEBUG org.springframework.test.context.support.AbstractContextLoader - Did not detect default resource location for test class [com.hyunro.practice.springboot.domain.posts.PostsRepositoryTest]: class path resource [com/hyunro/practice/springboot/domain/posts/PostsRepositoryTestContext.groovy] does not exist
15:00:19.489 [Test worker] INFO org.springframework.test.context.support.AbstractContextLoader - Could not detect default resource locations for test class [com.hyunro.practice.springboot.domain.posts.PostsRepositoryTest]: no resource found for suffixes {-context.xml, Context.groovy}.
15:00:19.496 [Test worker] INFO org.springframework.test.context.support.AnnotationConfigContextLoaderUtils - Could not detect default configuration classes for test class [com.hyunro.practice.springboot.domain.posts.PostsRepositoryTest]: PostsRepositoryTest does not declare any static, non-private, non-final, nested classes annotated with @Configuration.
15:00:19.623 [Test worker] DEBUG org.springframework.test.context.support.ActiveProfilesUtils - Could not find an 'annotation declaring class' for annotation type [org.springframework.test.context.ActiveProfiles] and class [com.hyunro.practice.springboot.domain.posts.PostsRepositoryTest]
15:00:19.900 [Test worker] DEBUG org.springframework.context.annotation.ClassPathScanningCandidateComponentProvider - Identified candidate component class: file [C:\Users\DU Kang\mygithubprojects\SpringBoot\build\classes\java\main\com\hyunro\practice\springboot\Application.class]
15:00:19.903 [Test worker] INFO org.springframework.boot.test.context.SpringBootTestContextBootstrapper - Found @SpringBootConfiguration com.hyunro.practice.springboot.Application for test class com.hyunro.practice.springboot.domain.posts.PostsRepositoryTest
15:00:20.292 [Test worker] DEBUG org.springframework.boot.test.context.SpringBootTestContextBootstrapper - @TestExecutionListeners is not present for class [com.hyunro.practice.springboot.domain.posts.PostsRepositoryTest]: using defaults.
15:00:20.295 [Test worker] INFO org.springframework.boot.test.context.SpringBootTestContextBootstrapper - Loaded default TestExecutionListener class names from location [META-INF/spring.factories]: [org.springframework.security.test.context.support.WithSecurityContextTestExecutionListener, org.springframework.security.test.context.support.ReactorContextTestExecutionListener, org.springframework.boot.test.autoconfigure.restdocs.RestDocsTestExecutionListener, org.springframework.boot.test.autoconfigure.web.client.MockRestServiceServerResetTestExecutionListener, org.springframework.boot.test.autoconfigure.web.servlet.MockMvcPrintOnlyOnFailureTestExecutionListener, org.springframework.boot.test.autoconfigure.web.servlet.WebDriverTestExecutionListener, org.springframework.boot.test.mock.mockito.MockitoTestExecutionListener, org.springframework.boot.test.mock.mockito.ResetMocksTestExecutionListener, org.springframework.test.context.web.ServletTestExecutionListener, org.springframework.test.context.support.DirtiesContextBeforeModesTestExecutionListener, org.springframework.test.context.support.DependencyInjectionTestExecutionListener, org.springframework.test.context.support.DirtiesContextTestExecutionListener, org.springframework.test.context.transaction.TransactionalTestExecutionListener, org.springframework.test.context.jdbc.SqlScriptsTestExecutionListener]
15:00:20.426 [Test worker] INFO org.springframework.boot.test.context.SpringBootTestContextBootstrapper - Using TestExecutionListeners: [org.springframework.test.context.web.ServletTestExecutionListener@580487dc, org.springframework.test.context.support.DirtiesContextBeforeModesTestExecutionListener@10b0964b, org.springframework.boot.test.mock.mockito.MockitoTestExecutionListener@693bd192, org.springframework.boot.test.autoconfigure.SpringBootDependencyInjectionTestExecutionListener@bc55339, org.springframework.test.context.support.DirtiesContextTestExecutionListener@77030ffa, org.springframework.test.context.transaction.TransactionalTestExecutionListener@6315dd9f, org.springframework.test.context.jdbc.SqlScriptsTestExecutionListener@5415372e, org.springframework.security.test.context.support.WithSecurityContextTestExecutionListener@7568fa0e, org.springframework.security.test.context.support.ReactorContextTestExecutionListener@1afb5786, org.springframework.boot.test.autoconfigure.restdocs.RestDocsTestExecutionListener@574f9863, org.springframework.boot.test.autoconfigure.web.client.MockRestServiceServerResetTestExecutionListener@2a1e69e3, org.springframework.boot.test.autoconfigure.web.servlet.MockMvcPrintOnlyOnFailureTestExecutionListener@18945e24, org.springframework.boot.test.autoconfigure.web.servlet.WebDriverTestExecutionListener@58937dd7, org.springframework.boot.test.mock.mockito.ResetMocksTestExecutionListener@73b47a26]
15:00:20.448 [Test worker] DEBUG org.springframework.test.annotation.ProfileValueUtils - Retrieved @ProfileValueSourceConfiguration [null] for test class [com.hyunro.practice.springboot.domain.posts.PostsRepositoryTest]
15:00:20.456 [Test worker] DEBUG org.springframework.test.annotation.ProfileValueUtils - Retrieved ProfileValueSource type [class org.springframework.test.annotation.SystemProfileValueSource] for class [com.hyunro.practice.springboot.domain.posts.PostsRepositoryTest]
15:00:20.458 [Test worker] DEBUG org.springframework.test.annotation.ProfileValueUtils - Retrieved @ProfileValueSourceConfiguration [null] for test class [com.hyunro.practice.springboot.domain.posts.PostsRepositoryTest]
15:00:20.459 [Test worker] DEBUG org.springframework.test.annotation.ProfileValueUtils - Retrieved ProfileValueSource type [class org.springframework.test.annotation.SystemProfileValueSource] for class [com.hyunro.practice.springboot.domain.posts.PostsRepositoryTest]
15:00:20.492 [Test worker] DEBUG org.springframework.test.context.support.AbstractDirtiesContextTestExecutionListener - Before test class: context [DefaultTestContext@b85a727 testClass = PostsRepositoryTest, testInstance = [null], testMethod = [null], testException = [null], mergedContextConfiguration = [WebMergedContextConfiguration@473218a3 testClass = PostsRepositoryTest, locations = '{}', classes = '{class com.hyunro.practice.springboot.Application}', contextInitializerClasses = '[]', activeProfiles = '{}', propertySourceLocations = '{}', propertySourceProperties = '{org.springframework.boot.test.context.SpringBootTestContextBootstrapper=true}', contextCustomizers = set[org.springframework.boot.test.autoconfigure.properties.PropertyMappingContextCustomizer@0, org.springframework.boot.test.autoconfigure.web.servlet.WebDriverContextCustomizerFactory$Customizer@25bcec36, org.springframework.boot.test.context.filter.ExcludeFilterContextCustomizer@466be4b8, org.springframework.boot.test.json.DuplicateJsonObjectContextCustomizerFactory$DuplicateJsonObjectContextCustomizer@1ca34de1, org.springframework.boot.test.mock.mockito.MockitoContextCustomizer@0, org.springframework.boot.test.web.client.TestRestTemplateContextCustomizer@15bb1cf1], resourceBasePath = 'src/main/webapp', contextLoader = 'org.springframework.boot.test.context.SpringBootContextLoader', parent = [null]], attributes = map['org.springframework.test.context.web.ServletTestExecutionListener.activateListener' -> true]], class annotated with @DirtiesContext [false] with mode [null].
15:00:20.494 [Test worker] DEBUG org.springframework.test.annotation.ProfileValueUtils - Retrieved @ProfileValueSourceConfiguration [null] for test class [com.hyunro.practice.springboot.domain.posts.PostsRepositoryTest]
15:00:20.495 [Test worker] DEBUG org.springframework.test.annotation.ProfileValueUtils - Retrieved ProfileValueSource type [class org.springframework.test.annotation.SystemProfileValueSource] for class [com.hyunro.practice.springboot.domain.posts.PostsRepositoryTest]
15:00:20.617 [Test worker] DEBUG org.springframework.test.context.support.TestPropertySourceUtils - Adding inlined properties to environment: {spring.jmx.enabled=false, org.springframework.boot.test.context.SpringBootTestContextBootstrapper=true, server.port=-1}

  .   ____          _            __ _ _
 /\\ / ___'_ __ _ _(_)_ __  __ _ \ \ \ \
( ( )\___ | '_ | '_| | '_ \/ _` | \ \ \ \
 \\/  ___)| |_)| | | | | || (_| |  ) ) ) )
  '  |____| .__|_| |_|_| |_\__, | / / / /
 =========|_|==============|___/=/_/_/_/
 :: Spring Boot ::        (v2.1.7.RELEASE)

2020-05-10 15:00:21.655  INFO 22020 --- [    Test worker] c.h.p.s.d.posts.PostsRepositoryTest      : Starting PostsRepositoryTest on DUK with PID 22020 (started by DU Kang in C:\Users\DU Kang\mygithubprojects\SpringBoot)
2020-05-10 15:00:21.659  INFO 22020 --- [    Test worker] c.h.p.s.d.posts.PostsRepositoryTest      : No active profile set, falling back to default profiles: default
2020-05-10 15:00:26.025  INFO 22020 --- [    Test worker] .s.d.r.c.RepositoryConfigurationDelegate : Bootstrapping Spring Data repositories in DEFAULT mode.
2020-05-10 15:00:26.675  INFO 22020 --- [    Test worker] .s.d.r.c.RepositoryConfigurationDelegate : Finished Spring Data repository scanning in 555ms. Found 2 repository interfaces.
2020-05-10 15:00:29.445  INFO 22020 --- [    Test worker] trationDelegate$BeanPostProcessorChecker : Bean 'org.springframework.transaction.annotation.ProxyTransactionManagementConfiguration' of type [org.springframework.transaction.annotation.ProxyTransactionManagementConfiguration$$EnhancerBySpringCGLIB$$5e73a27b] is not eligible for getting processed by all BeanPostProcessors (for example: not eligible for auto-proxying)
2020-05-10 15:00:30.436  INFO 22020 --- [    Test worker] com.zaxxer.hikari.HikariDataSource       : HikariPool-1 - Starting...
2020-05-10 15:00:30.896  INFO 22020 --- [    Test worker] com.zaxxer.hikari.HikariDataSource       : HikariPool-1 - Start completed.
2020-05-10 15:00:31.224  INFO 22020 --- [    Test worker] o.hibernate.jpa.internal.util.LogHelper  : HHH000204: Processing PersistenceUnitInfo [
	name: default
	...]
2020-05-10 15:00:31.533  INFO 22020 --- [    Test worker] org.hibernate.Version                    : HHH000412: Hibernate Core {5.3.10.Final}
2020-05-10 15:00:31.538  INFO 22020 --- [    Test worker] org.hibernate.cfg.Environment            : HHH000206: hibernate.properties not found
2020-05-10 15:00:32.134  INFO 22020 --- [    Test worker] o.hibernate.annotations.common.Version   : HCANN000001: Hibernate Commons Annotations {5.0.4.Final}
2020-05-10 15:00:32.839  INFO 22020 --- [    Test worker] org.hibernate.dialect.Dialect            : HHH000400: Using dialect: org.hibernate.dialect.H2Dialect
Hibernate: drop table posts if exists
Hibernate: drop table user if exists
Hibernate: create table posts (id bigint generated by default as identity, created_date timestamp, modified_date timestamp, author varchar(255), content TEXT not null, title varchar(500) not null, primary key (id))
Hibernate: create table user (id bigint generated by default as identity, created_date timestamp, modified_date timestamp, email varchar(255) not null, name varchar(255) not null, picture varchar(255), role varchar(255) not null, primary key (id))
2020-05-10 15:00:35.118  INFO 22020 --- [    Test worker] o.h.t.schema.internal.SchemaCreatorImpl  : HHH000476: Executing import script 'org.hibernate.tool.schema.internal.exec.ScriptSourceInputNonExistentImpl@5e95b66a'
2020-05-10 15:00:35.138  INFO 22020 --- [    Test worker] j.LocalContainerEntityManagerFactoryBean : Initialized JPA EntityManagerFactory for persistence unit 'default'
2020-05-10 15:00:37.054  INFO 22020 --- [    Test worker] o.h.h.i.QueryTranslatorFactoryInitiator  : HHH000397: Using ASTQueryTranslatorFactory
2020-05-10 15:00:39.309  INFO 22020 --- [    Test worker] o.s.s.web.DefaultSecurityFilterChain     : Creating filter chain: any request, [org.springframework.security.web.context.request.async.WebAsyncManagerIntegrationFilter@422e76fa, org.springframework.security.web.context.SecurityContextPersistenceFilter@246dc1ae, org.springframework.security.web.header.HeaderWriterFilter@5031af50, org.springframework.security.web.authentication.logout.LogoutFilter@4cc6cba, org.springframework.security.oauth2.client.web.OAuth2AuthorizationRequestRedirectFilter@4d2abfed, org.springframework.security.oauth2.client.web.OAuth2LoginAuthenticationFilter@76eabbad, org.springframework.security.web.authentication.ui.DefaultLoginPageGeneratingFilter@324ba286, org.springframework.security.web.authentication.ui.DefaultLogoutPageGeneratingFilter@3765e32, org.springframework.security.web.savedrequest.RequestCacheAwareFilter@e7cd79e, org.springframework.security.web.servletapi.SecurityContextHolderAwareRequestFilter@4da0bcc2, org.springframework.security.web.authentication.AnonymousAuthenticationFilter@5ca0477a, org.springframework.security.web.session.SessionManagementFilter@38933716, org.springframework.security.web.access.ExceptionTranslationFilter@2d0cd647, org.springframework.security.web.access.intercept.FilterSecurityInterceptor@34ea2482]
2020-05-10 15:00:41.277  INFO 22020 --- [    Test worker] o.s.s.concurrent.ThreadPoolTaskExecutor  : Initializing ExecutorService 'applicationTaskExecutor'
2020-05-10 15:00:41.465  WARN 22020 --- [    Test worker] aWebConfiguration$JpaWebMvcConfiguration : spring.jpa.open-in-view is enabled by default. Therefore, database queries may be performed during view rendering. Explicitly configure spring.jpa.open-in-view to disable this warning
2020-05-10 15:00:41.667  INFO 22020 --- [    Test worker] o.s.b.a.w.s.WelcomePageHandlerMapping    : Adding welcome page template: index
2020-05-10 15:00:44.133  INFO 22020 --- [    Test worker] s.a.ScheduledAnnotationBeanPostProcessor : No TaskScheduler/ScheduledExecutorService bean found for scheduled processing
2020-05-10 15:00:44.165  INFO 22020 --- [    Test worker] c.h.p.s.d.posts.PostsRepositoryTest      : Started PostsRepositoryTest in 23.514 seconds (JVM running for 28.98)
Hibernate: insert into posts (id, created_date, modified_date, author, content, title) values (null, ?, ?, ?, ?, ?)
Hibernate: select posts0_.id as id1_0_, posts0_.created_date as created_2_0_, posts0_.modified_date as modified3_0_, posts0_.author as author4_0_, posts0_.content as content5_0_, posts0_.title as title6_0_ from posts posts0_
Hibernate: select posts0_.id as id1_0_, posts0_.created_date as created_2_0_, posts0_.modified_date as modified3_0_, posts0_.author as author4_0_, posts0_.content as content5_0_, posts0_.title as title6_0_ from posts posts0_
Hibernate: delete from posts where id=?
Hibernate: insert into posts (id, created_date, modified_date, author, content, title) values (null, ?, ?, ?, ?, ?)
Hibernate: select posts0_.id as id1_0_, posts0_.created_date as created_2_0_, posts0_.modified_date as modified3_0_, posts0_.author as author4_0_, posts0_.content as content5_0_, posts0_.title as title6_0_ from posts posts0_
>>>>>>>>>> createDate=2020-05-10T15:00:45.448, modifiedDate=2020-05-10T15:00:45.448
Hibernate: select posts0_.id as id1_0_, posts0_.created_date as created_2_0_, posts0_.modified_date as modified3_0_, posts0_.author as author4_0_, posts0_.content as content5_0_, posts0_.title as title6_0_ from posts posts0_
Hibernate: delete from posts where id=?
]]></system-out>
  <system-err><![CDATA[]]></system-err>
</testsuite>
