<?xml version="1.0" encoding="UTF-8"?>
<testsuite name="com.hyunro.practice.springboot.web.HelloControllerTest" tests="2" skipped="0" failures="0" errors="0" timestamp="2020-05-09T13:58:25" hostname="DUK" time="1.105">
  <properties/>
  <testcase name="helloDTO가_리턴된다" classname="com.hyunro.practice.springboot.web.HelloControllerTest" time="1.083"/>
  <testcase name="hello가_리턴된다" classname="com.hyunro.practice.springboot.web.HelloControllerTest" time="0.02"/>
  <system-out><![CDATA[22:58:15.019 [Test worker] DEBUG org.springframework.test.context.junit4.SpringJUnit4ClassRunner - SpringJUnit4ClassRunner constructor called with [class com.hyunro.practice.springboot.web.HelloControllerTest]
22:58:15.038 [Test worker] DEBUG org.springframework.test.context.BootstrapUtils - Instantiating CacheAwareContextLoaderDelegate from class [org.springframework.test.context.cache.DefaultCacheAwareContextLoaderDelegate]
22:58:15.058 [Test worker] DEBUG org.springframework.test.context.BootstrapUtils - Instantiating BootstrapContext using constructor [public org.springframework.test.context.support.DefaultBootstrapContext(java.lang.Class,org.springframework.test.context.CacheAwareContextLoaderDelegate)]
22:58:15.105 [Test worker] DEBUG org.springframework.test.context.BootstrapUtils - Instantiating TestContextBootstrapper for test class [com.hyunro.practice.springboot.web.HelloControllerTest] from class [org.springframework.boot.test.autoconfigure.web.servlet.WebMvcTestContextBootstrapper]
22:58:15.153 [Test worker] INFO org.springframework.boot.test.autoconfigure.web.servlet.WebMvcTestContextBootstrapper - Neither @ContextConfiguration nor @ContextHierarchy found for test class [com.hyunro.practice.springboot.web.HelloControllerTest], using SpringBootContextLoader
22:58:15.161 [Test worker] DEBUG org.springframework.test.context.support.AbstractContextLoader - Did not detect default resource location for test class [com.hyunro.practice.springboot.web.HelloControllerTest]: class path resource [com/hyunro/practice/springboot/web/HelloControllerTest-context.xml] does not exist
22:58:15.163 [Test worker] DEBUG org.springframework.test.context.support.AbstractContextLoader - Did not detect default resource location for test class [com.hyunro.practice.springboot.web.HelloControllerTest]: class path resource [com/hyunro/practice/springboot/web/HelloControllerTestContext.groovy] does not exist
22:58:15.163 [Test worker] INFO org.springframework.test.context.support.AbstractContextLoader - Could not detect default resource locations for test class [com.hyunro.practice.springboot.web.HelloControllerTest]: no resource found for suffixes {-context.xml, Context.groovy}.
22:58:15.165 [Test worker] INFO org.springframework.test.context.support.AnnotationConfigContextLoaderUtils - Could not detect default configuration classes for test class [com.hyunro.practice.springboot.web.HelloControllerTest]: HelloControllerTest does not declare any static, non-private, non-final, nested classes annotated with @Configuration.
22:58:15.332 [Test worker] DEBUG org.springframework.test.context.support.ActiveProfilesUtils - Could not find an 'annotation declaring class' for annotation type [org.springframework.test.context.ActiveProfiles] and class [com.hyunro.practice.springboot.web.HelloControllerTest]
22:58:15.525 [Test worker] DEBUG org.springframework.context.annotation.ClassPathScanningCandidateComponentProvider - Identified candidate component class: file [C:\Users\DU Kang\mygithubprojects\SpringBoot\build\classes\java\main\com\hyunro\practice\springboot\Application.class]
22:58:15.528 [Test worker] INFO org.springframework.boot.test.context.SpringBootTestContextBootstrapper - Found @SpringBootConfiguration com.hyunro.practice.springboot.Application for test class com.hyunro.practice.springboot.web.HelloControllerTest
22:58:15.538 [Test worker] DEBUG org.springframework.boot.test.autoconfigure.web.servlet.WebMvcTestContextBootstrapper - @TestExecutionListeners is not present for class [com.hyunro.practice.springboot.web.HelloControllerTest]: using defaults.
22:58:15.541 [Test worker] INFO org.springframework.boot.test.autoconfigure.web.servlet.WebMvcTestContextBootstrapper - Loaded default TestExecutionListener class names from location [META-INF/spring.factories]: [org.springframework.security.test.context.support.WithSecurityContextTestExecutionListener, org.springframework.security.test.context.support.ReactorContextTestExecutionListener, org.springframework.boot.test.autoconfigure.restdocs.RestDocsTestExecutionListener, org.springframework.boot.test.autoconfigure.web.client.MockRestServiceServerResetTestExecutionListener, org.springframework.boot.test.autoconfigure.web.servlet.MockMvcPrintOnlyOnFailureTestExecutionListener, org.springframework.boot.test.autoconfigure.web.servlet.WebDriverTestExecutionListener, org.springframework.boot.test.mock.mockito.MockitoTestExecutionListener, org.springframework.boot.test.mock.mockito.ResetMocksTestExecutionListener, org.springframework.test.context.web.ServletTestExecutionListener, org.springframework.test.context.support.DirtiesContextBeforeModesTestExecutionListener, org.springframework.test.context.support.DependencyInjectionTestExecutionListener, org.springframework.test.context.support.DirtiesContextTestExecutionListener, org.springframework.test.context.transaction.TransactionalTestExecutionListener, org.springframework.test.context.jdbc.SqlScriptsTestExecutionListener]
22:58:15.618 [Test worker] INFO org.springframework.boot.test.autoconfigure.web.servlet.WebMvcTestContextBootstrapper - Using TestExecutionListeners: [org.springframework.test.context.web.ServletTestExecutionListener@2a38264f, org.springframework.test.context.support.DirtiesContextBeforeModesTestExecutionListener@5d3379fe, org.springframework.boot.test.mock.mockito.MockitoTestExecutionListener@4ee35503, org.springframework.boot.test.autoconfigure.SpringBootDependencyInjectionTestExecutionListener@3acc8819, org.springframework.test.context.support.DirtiesContextTestExecutionListener@51adcb51, org.springframework.test.context.transaction.TransactionalTestExecutionListener@1797a413, org.springframework.test.context.jdbc.SqlScriptsTestExecutionListener@4388a0af, org.springframework.security.test.context.support.WithSecurityContextTestExecutionListener@1dda6487, org.springframework.security.test.context.support.ReactorContextTestExecutionListener@2292c32e, org.springframework.boot.test.autoconfigure.restdocs.RestDocsTestExecutionListener@88f4c53, org.springframework.boot.test.autoconfigure.web.client.MockRestServiceServerResetTestExecutionListener@e040835, org.springframework.boot.test.autoconfigure.web.servlet.MockMvcPrintOnlyOnFailureTestExecutionListener@40b4bb2e, org.springframework.boot.test.autoconfigure.web.servlet.WebDriverTestExecutionListener@748b9ba5, org.springframework.boot.test.mock.mockito.ResetMocksTestExecutionListener@694acb3]
22:58:15.630 [Test worker] DEBUG org.springframework.test.annotation.ProfileValueUtils - Retrieved @ProfileValueSourceConfiguration [null] for test class [com.hyunro.practice.springboot.web.HelloControllerTest]
22:58:15.632 [Test worker] DEBUG org.springframework.test.annotation.ProfileValueUtils - Retrieved ProfileValueSource type [class org.springframework.test.annotation.SystemProfileValueSource] for class [com.hyunro.practice.springboot.web.HelloControllerTest]
22:58:15.635 [Test worker] DEBUG org.springframework.test.annotation.ProfileValueUtils - Retrieved @ProfileValueSourceConfiguration [null] for test class [com.hyunro.practice.springboot.web.HelloControllerTest]
22:58:15.636 [Test worker] DEBUG org.springframework.test.annotation.ProfileValueUtils - Retrieved ProfileValueSource type [class org.springframework.test.annotation.SystemProfileValueSource] for class [com.hyunro.practice.springboot.web.HelloControllerTest]
22:58:15.655 [Test worker] DEBUG org.springframework.test.context.support.AbstractDirtiesContextTestExecutionListener - Before test class: context [DefaultTestContext@4665ef2f testClass = HelloControllerTest, testInstance = [null], testMethod = [null], testException = [null], mergedContextConfiguration = [WebMergedContextConfiguration@591c496e testClass = HelloControllerTest, locations = '{}', classes = '{class com.hyunro.practice.springboot.Application}', contextInitializerClasses = '[]', activeProfiles = '{}', propertySourceLocations = '{}', propertySourceProperties = '{org.springframework.boot.test.autoconfigure.web.servlet.WebMvcTestContextBootstrapper=true}', contextCustomizers = set[org.springframework.boot.test.autoconfigure.OverrideAutoConfigurationContextCustomizerFactory$DisableAutoConfigurationContextCustomizer@3f9411e0, org.springframework.boot.test.autoconfigure.filter.TypeExcludeFiltersContextCustomizer@3784fff5, org.springframework.boot.test.autoconfigure.properties.PropertyMappingContextCustomizer@d8057405, org.springframework.boot.test.autoconfigure.web.servlet.WebDriverContextCustomizerFactory$Customizer@5bb6d48f, [ImportsContextCustomizer@66e01360 key = [org.springframework.boot.autoconfigure.cache.CacheAutoConfiguration, org.springframework.boot.autoconfigure.context.MessageSourceAutoConfiguration, org.springframework.boot.autoconfigure.data.web.SpringDataWebAutoConfiguration, org.springframework.boot.autoconfigure.freemarker.FreeMarkerAutoConfiguration, org.springframework.boot.autoconfigure.groovy.template.GroovyTemplateAutoConfiguration, org.springframework.boot.autoconfigure.gson.GsonAutoConfiguration, org.springframework.boot.autoconfigure.hateoas.HypermediaAutoConfiguration, org.springframework.boot.autoconfigure.http.HttpMessageConvertersAutoConfiguration, org.springframework.boot.autoconfigure.jackson.JacksonAutoConfiguration, org.springframework.boot.autoconfigure.jsonb.JsonbAutoConfiguration, org.springframework.boot.autoconfigure.mustache.MustacheAutoConfiguration, org.springframework.boot.autoconfigure.task.TaskExecutionAutoConfiguration, org.springframework.boot.autoconfigure.thymeleaf.ThymeleafAutoConfiguration, org.springframework.boot.autoconfigure.validation.ValidationAutoConfiguration, org.springframework.boot.autoconfigure.web.servlet.error.ErrorMvcAutoConfiguration, org.springframework.boot.autoconfigure.web.servlet.WebMvcAutoConfiguration, org.springframework.boot.test.autoconfigure.web.servlet.MockMvcAutoConfiguration, org.springframework.boot.test.autoconfigure.web.servlet.MockMvcSecurityAutoConfiguration, org.springframework.boot.test.autoconfigure.web.servlet.MockMvcWebClientAutoConfiguration, org.springframework.boot.test.autoconfigure.web.servlet.MockMvcWebDriverAutoConfiguration]], org.springframework.boot.test.context.filter.ExcludeFilterContextCustomizer@252a361f, org.springframework.boot.test.json.DuplicateJsonObjectContextCustomizerFactory$DuplicateJsonObjectContextCustomizer@114dbdf3, org.springframework.boot.test.mock.mockito.MockitoContextCustomizer@0], resourceBasePath = 'src/main/webapp', contextLoader = 'org.springframework.boot.test.context.SpringBootContextLoader', parent = [null]], attributes = map[[empty]]], class annotated with @DirtiesContext [false] with mode [null].
22:58:15.670 [Test worker] DEBUG org.springframework.test.annotation.ProfileValueUtils - Retrieved @ProfileValueSourceConfiguration [null] for test class [com.hyunro.practice.springboot.web.HelloControllerTest]
22:58:15.671 [Test worker] DEBUG org.springframework.test.annotation.ProfileValueUtils - Retrieved ProfileValueSource type [class org.springframework.test.annotation.SystemProfileValueSource] for class [com.hyunro.practice.springboot.web.HelloControllerTest]
22:58:15.686 [Test worker] DEBUG org.springframework.test.context.support.DependencyInjectionTestExecutionListener - Performing dependency injection for test context [[DefaultTestContext@4665ef2f testClass = HelloControllerTest, testInstance = com.hyunro.practice.springboot.web.HelloControllerTest@4c547140, testMethod = [null], testException = [null], mergedContextConfiguration = [WebMergedContextConfiguration@591c496e testClass = HelloControllerTest, locations = '{}', classes = '{class com.hyunro.practice.springboot.Application}', contextInitializerClasses = '[]', activeProfiles = '{}', propertySourceLocations = '{}', propertySourceProperties = '{org.springframework.boot.test.autoconfigure.web.servlet.WebMvcTestContextBootstrapper=true}', contextCustomizers = set[org.springframework.boot.test.autoconfigure.OverrideAutoConfigurationContextCustomizerFactory$DisableAutoConfigurationContextCustomizer@3f9411e0, org.springframework.boot.test.autoconfigure.filter.TypeExcludeFiltersContextCustomizer@3784fff5, org.springframework.boot.test.autoconfigure.properties.PropertyMappingContextCustomizer@d8057405, org.springframework.boot.test.autoconfigure.web.servlet.WebDriverContextCustomizerFactory$Customizer@5bb6d48f, [ImportsContextCustomizer@66e01360 key = [org.springframework.boot.autoconfigure.cache.CacheAutoConfiguration, org.springframework.boot.autoconfigure.context.MessageSourceAutoConfiguration, org.springframework.boot.autoconfigure.data.web.SpringDataWebAutoConfiguration, org.springframework.boot.autoconfigure.freemarker.FreeMarkerAutoConfiguration, org.springframework.boot.autoconfigure.groovy.template.GroovyTemplateAutoConfiguration, org.springframework.boot.autoconfigure.gson.GsonAutoConfiguration, org.springframework.boot.autoconfigure.hateoas.HypermediaAutoConfiguration, org.springframework.boot.autoconfigure.http.HttpMessageConvertersAutoConfiguration, org.springframework.boot.autoconfigure.jackson.JacksonAutoConfiguration, org.springframework.boot.autoconfigure.jsonb.JsonbAutoConfiguration, org.springframework.boot.autoconfigure.mustache.MustacheAutoConfiguration, org.springframework.boot.autoconfigure.task.TaskExecutionAutoConfiguration, org.springframework.boot.autoconfigure.thymeleaf.ThymeleafAutoConfiguration, org.springframework.boot.autoconfigure.validation.ValidationAutoConfiguration, org.springframework.boot.autoconfigure.web.servlet.error.ErrorMvcAutoConfiguration, org.springframework.boot.autoconfigure.web.servlet.WebMvcAutoConfiguration, org.springframework.boot.test.autoconfigure.web.servlet.MockMvcAutoConfiguration, org.springframework.boot.test.autoconfigure.web.servlet.MockMvcSecurityAutoConfiguration, org.springframework.boot.test.autoconfigure.web.servlet.MockMvcWebClientAutoConfiguration, org.springframework.boot.test.autoconfigure.web.servlet.MockMvcWebDriverAutoConfiguration]], org.springframework.boot.test.context.filter.ExcludeFilterContextCustomizer@252a361f, org.springframework.boot.test.json.DuplicateJsonObjectContextCustomizerFactory$DuplicateJsonObjectContextCustomizer@114dbdf3, org.springframework.boot.test.mock.mockito.MockitoContextCustomizer@0], resourceBasePath = 'src/main/webapp', contextLoader = 'org.springframework.boot.test.context.SpringBootContextLoader', parent = [null]], attributes = map[[empty]]]].
22:58:16.044 [Test worker] DEBUG org.springframework.test.context.support.TestPropertySourceUtils - Adding inlined properties to environment: {spring.jmx.enabled=false, org.springframework.boot.test.autoconfigure.web.servlet.WebMvcTestContextBootstrapper=true, server.port=-1}

  .   ____          _            __ _ _
 /\\ / ___'_ __ _ _(_)_ __  __ _ \ \ \ \
( ( )\___ | '_ | '_| | '_ \/ _` | \ \ \ \
 \\/  ___)| |_)| | | | | || (_| |  ) ) ) )
  '  |____| .__|_| |_|_| |_\__, | / / / /
 =========|_|==============|___/=/_/_/_/
 :: Spring Boot ::        (v2.1.7.RELEASE)

2020-05-09 22:58:17.104  INFO 26012 --- [    Test worker] c.h.p.s.web.HelloControllerTest          : Starting HelloControllerTest on DUK with PID 26012 (started by DU Kang in C:\Users\DU Kang\mygithubprojects\SpringBoot)
2020-05-09 22:58:17.121  INFO 26012 --- [    Test worker] c.h.p.s.web.HelloControllerTest          : No active profile set, falling back to default profiles: default
2020-05-09 22:58:22.465  INFO 26012 --- [    Test worker] o.s.s.concurrent.ThreadPoolTaskExecutor  : Initializing ExecutorService 'applicationTaskExecutor'
2020-05-09 22:58:22.742  INFO 26012 --- [    Test worker] o.s.b.a.w.s.WelcomePageHandlerMapping    : Adding welcome page template: index
2020-05-09 22:58:24.123  INFO 26012 --- [    Test worker] .s.s.UserDetailsServiceAutoConfiguration : 

Using generated security password: 266c859d-a8ae-448e-8a43-d21ced532d28

2020-05-09 22:58:25.433  INFO 26012 --- [    Test worker] o.s.s.web.DefaultSecurityFilterChain     : Creating filter chain: any request, [org.springframework.security.web.context.request.async.WebAsyncManagerIntegrationFilter@bb5fb6e, org.springframework.security.web.context.SecurityContextPersistenceFilter@35c4c121, org.springframework.security.web.header.HeaderWriterFilter@57c41fe, org.springframework.security.web.csrf.CsrfFilter@5326e78e, org.springframework.security.web.authentication.logout.LogoutFilter@478a36e2, org.springframework.security.web.authentication.UsernamePasswordAuthenticationFilter@4a61630d, org.springframework.security.web.authentication.ui.DefaultLoginPageGeneratingFilter@7bad9671, org.springframework.security.web.authentication.ui.DefaultLogoutPageGeneratingFilter@15150fca, org.springframework.security.web.authentication.www.BasicAuthenticationFilter@279e195d, org.springframework.security.web.savedrequest.RequestCacheAwareFilter@36187866, org.springframework.security.web.servletapi.SecurityContextHolderAwareRequestFilter@5da011a1, org.springframework.security.web.authentication.AnonymousAuthenticationFilter@56084ab9, org.springframework.security.web.session.SessionManagementFilter@dd10a27, org.springframework.security.web.access.ExceptionTranslationFilter@41e75f66, org.springframework.security.web.access.intercept.FilterSecurityInterceptor@29b4e34b]
2020-05-09 22:58:25.635  INFO 26012 --- [    Test worker] o.s.b.t.m.w.SpringBootMockServletContext : Initializing Spring TestDispatcherServlet ''
2020-05-09 22:58:25.635  INFO 26012 --- [    Test worker] o.s.t.web.servlet.TestDispatcherServlet  : Initializing Servlet ''
2020-05-09 22:58:25.688  INFO 26012 --- [    Test worker] o.s.t.web.servlet.TestDispatcherServlet  : Completed initialization in 53 ms
2020-05-09 22:58:25.853  INFO 26012 --- [    Test worker] c.h.p.s.web.HelloControllerTest          : Started HelloControllerTest in 9.787 seconds (JVM running for 13.031)
]]></system-out>
  <system-err><![CDATA[]]></system-err>
</testsuite>
