<?xml version="1.0" encoding="UTF-8"?>
<testsuite name="com.hyunro.practice.springboot.web.IndexControllerTest" tests="1" skipped="0" failures="0" errors="0" timestamp="2020-05-09T13:58:54" hostname="DUK" time="0.913">
  <properties/>
  <testcase name="메인페이지_로딩" classname="com.hyunro.practice.springboot.web.IndexControllerTest" time="0.913"/>
  <system-out><![CDATA[2020-05-09 22:58:43.674  INFO 26012 --- [    Test worker] .b.t.c.SpringBootTestContextBootstrapper : Neither @ContextConfiguration nor @ContextHierarchy found for test class [com.hyunro.practice.springboot.web.IndexControllerTest], using SpringBootContextLoader
2020-05-09 22:58:43.676  INFO 26012 --- [    Test worker] o.s.t.c.support.AbstractContextLoader    : Could not detect default resource locations for test class [com.hyunro.practice.springboot.web.IndexControllerTest]: no resource found for suffixes {-context.xml, Context.groovy}.
2020-05-09 22:58:43.677  INFO 26012 --- [    Test worker] t.c.s.AnnotationConfigContextLoaderUtils : Could not detect default configuration classes for test class [com.hyunro.practice.springboot.web.IndexControllerTest]: IndexControllerTest does not declare any static, non-private, non-final, nested classes annotated with @Configuration.
2020-05-09 22:58:43.682  INFO 26012 --- [    Test worker] .b.t.c.SpringBootTestContextBootstrapper : Found @SpringBootConfiguration com.hyunro.practice.springboot.Application for test class com.hyunro.practice.springboot.web.IndexControllerTest
2020-05-09 22:58:43.724  INFO 26012 --- [    Test worker] .b.t.c.SpringBootTestContextBootstrapper : Loaded default TestExecutionListener class names from location [META-INF/spring.factories]: [org.springframework.security.test.context.support.WithSecurityContextTestExecutionListener, org.springframework.security.test.context.support.ReactorContextTestExecutionListener, org.springframework.boot.test.autoconfigure.restdocs.RestDocsTestExecutionListener, org.springframework.boot.test.autoconfigure.web.client.MockRestServiceServerResetTestExecutionListener, org.springframework.boot.test.autoconfigure.web.servlet.MockMvcPrintOnlyOnFailureTestExecutionListener, org.springframework.boot.test.autoconfigure.web.servlet.WebDriverTestExecutionListener, org.springframework.boot.test.mock.mockito.MockitoTestExecutionListener, org.springframework.boot.test.mock.mockito.ResetMocksTestExecutionListener, org.springframework.test.context.web.ServletTestExecutionListener, org.springframework.test.context.support.DirtiesContextBeforeModesTestExecutionListener, org.springframework.test.context.support.DependencyInjectionTestExecutionListener, org.springframework.test.context.support.DirtiesContextTestExecutionListener, org.springframework.test.context.transaction.TransactionalTestExecutionListener, org.springframework.test.context.jdbc.SqlScriptsTestExecutionListener]
2020-05-09 22:58:43.730  INFO 26012 --- [    Test worker] .b.t.c.SpringBootTestContextBootstrapper : Using TestExecutionListeners: [org.springframework.test.context.web.ServletTestExecutionListener@2f980d80, org.springframework.test.context.support.DirtiesContextBeforeModesTestExecutionListener@a9c4b58, org.springframework.boot.test.mock.mockito.MockitoTestExecutionListener@128913d1, org.springframework.boot.test.autoconfigure.SpringBootDependencyInjectionTestExecutionListener@21e629a6, org.springframework.test.context.support.DirtiesContextTestExecutionListener@4e7dc417, org.springframework.test.context.transaction.TransactionalTestExecutionListener@26d3900b, org.springframework.test.context.jdbc.SqlScriptsTestExecutionListener@7c1e089b, org.springframework.security.test.context.support.WithSecurityContextTestExecutionListener@6c25b5a7, org.springframework.security.test.context.support.ReactorContextTestExecutionListener@4c588948, org.springframework.boot.test.autoconfigure.restdocs.RestDocsTestExecutionListener@76310b00, org.springframework.boot.test.autoconfigure.web.client.MockRestServiceServerResetTestExecutionListener@7ae79f8d, org.springframework.boot.test.autoconfigure.web.servlet.MockMvcPrintOnlyOnFailureTestExecutionListener@3bae95fb, org.springframework.boot.test.autoconfigure.web.servlet.WebDriverTestExecutionListener@33b4590f, org.springframework.boot.test.mock.mockito.ResetMocksTestExecutionListener@4da32d72]

  .   ____          _            __ _ _
 /\\ / ___'_ __ _ _(_)_ __  __ _ \ \ \ \
( ( )\___ | '_ | '_| | '_ \/ _` | \ \ \ \
 \\/  ___)| |_)| | | | | || (_| |  ) ) ) )
  '  |____| .__|_| |_|_| |_\__, | / / / /
 =========|_|==============|___/=/_/_/_/
 :: Spring Boot ::        (v2.1.7.RELEASE)

2020-05-09 22:58:43.985  INFO 26012 --- [    Test worker] c.h.p.s.web.IndexControllerTest          : Starting IndexControllerTest on DUK with PID 26012 (started by DU Kang in C:\Users\DU Kang\mygithubprojects\SpringBoot)
2020-05-09 22:58:43.993  INFO 26012 --- [    Test worker] c.h.p.s.web.IndexControllerTest          : No active profile set, falling back to default profiles: default
2020-05-09 22:58:45.249  INFO 26012 --- [    Test worker] .s.d.r.c.RepositoryConfigurationDelegate : Bootstrapping Spring Data repositories in DEFAULT mode.
2020-05-09 22:58:45.497  INFO 26012 --- [    Test worker] .s.d.r.c.RepositoryConfigurationDelegate : Finished Spring Data repository scanning in 246ms. Found 2 repository interfaces.
2020-05-09 22:58:45.999  INFO 26012 --- [    Test worker] trationDelegate$BeanPostProcessorChecker : Bean 'org.springframework.transaction.annotation.ProxyTransactionManagementConfiguration' of type [org.springframework.transaction.annotation.ProxyTransactionManagementConfiguration$$EnhancerBySpringCGLIB$$7c0d766b] is not eligible for getting processed by all BeanPostProcessors (for example: not eligible for auto-proxying)
2020-05-09 22:58:47.086  INFO 26012 --- [    Test worker] o.s.b.w.embedded.tomcat.TomcatWebServer  : Tomcat initialized with port(s): 0 (http)
2020-05-09 22:58:47.192  INFO 26012 --- [    Test worker] o.apache.catalina.core.StandardService   : Starting service [Tomcat]
2020-05-09 22:58:47.193  INFO 26012 --- [    Test worker] org.apache.catalina.core.StandardEngine  : Starting Servlet engine: [Apache Tomcat/9.0.22]
2020-05-09 22:58:47.722  INFO 26012 --- [    Test worker] o.a.c.c.C.[Tomcat].[localhost].[/]       : Initializing Spring embedded WebApplicationContext
2020-05-09 22:58:47.724  INFO 26012 --- [    Test worker] o.s.web.context.ContextLoader            : Root WebApplicationContext: initialization completed in 3710 ms
2020-05-09 22:58:48.713  INFO 26012 --- [    Test worker] com.zaxxer.hikari.HikariDataSource       : HikariPool-2 - Starting...
2020-05-09 22:58:48.717  INFO 26012 --- [    Test worker] com.zaxxer.hikari.HikariDataSource       : HikariPool-2 - Start completed.
2020-05-09 22:58:48.956  INFO 26012 --- [    Test worker] o.hibernate.jpa.internal.util.LogHelper  : HHH000204: Processing PersistenceUnitInfo [
	name: default
	...]
2020-05-09 22:58:49.013  INFO 26012 --- [    Test worker] org.hibernate.dialect.Dialect            : HHH000400: Using dialect: org.hibernate.dialect.H2Dialect
Hibernate: drop table posts if exists
Hibernate: drop table user if exists
Hibernate: create table posts (id bigint generated by default as identity, created_date timestamp, modified_date timestamp, author varchar(255), content TEXT not null, title varchar(500) not null, primary key (id))
Hibernate: create table user (id bigint generated by default as identity, created_date timestamp, modified_date timestamp, email varchar(255) not null, name varchar(255) not null, picture varchar(255), role varchar(255) not null, primary key (id))
2020-05-09 22:58:49.239  INFO 26012 --- [    Test worker] o.h.t.schema.internal.SchemaCreatorImpl  : HHH000476: Executing import script 'org.hibernate.tool.schema.internal.exec.ScriptSourceInputNonExistentImpl@1c64ddc'
2020-05-09 22:58:49.239  INFO 26012 --- [    Test worker] j.LocalContainerEntityManagerFactoryBean : Initialized JPA EntityManagerFactory for persistence unit 'default'
2020-05-09 22:58:51.055  INFO 26012 --- [    Test worker] o.h.h.i.QueryTranslatorFactoryInitiator  : HHH000397: Using ASTQueryTranslatorFactory
2020-05-09 22:58:51.534  INFO 26012 --- [    Test worker] o.s.s.web.DefaultSecurityFilterChain     : Creating filter chain: any request, [org.springframework.security.web.context.request.async.WebAsyncManagerIntegrationFilter@58c09a14, org.springframework.security.web.context.SecurityContextPersistenceFilter@34421cbc, org.springframework.security.web.header.HeaderWriterFilter@6c4b8529, org.springframework.security.web.authentication.logout.LogoutFilter@48716eb5, org.springframework.security.oauth2.client.web.OAuth2AuthorizationRequestRedirectFilter@45a3c6d7, org.springframework.security.oauth2.client.web.OAuth2LoginAuthenticationFilter@410821b8, org.springframework.security.web.authentication.ui.DefaultLoginPageGeneratingFilter@6cf2286b, org.springframework.security.web.authentication.ui.DefaultLogoutPageGeneratingFilter@2d209506, org.springframework.security.web.savedrequest.RequestCacheAwareFilter@5c64d362, org.springframework.security.web.servletapi.SecurityContextHolderAwareRequestFilter@6cb6670a, org.springframework.security.web.authentication.AnonymousAuthenticationFilter@76ee7b0b, org.springframework.security.web.session.SessionManagementFilter@38b70e71, org.springframework.security.web.access.ExceptionTranslationFilter@4cb48f51, org.springframework.security.web.access.intercept.FilterSecurityInterceptor@1fdd590b]
2020-05-09 22:58:52.679  INFO 26012 --- [    Test worker] o.s.s.concurrent.ThreadPoolTaskExecutor  : Initializing ExecutorService 'applicationTaskExecutor'
2020-05-09 22:58:52.746  WARN 26012 --- [    Test worker] aWebConfiguration$JpaWebMvcConfiguration : spring.jpa.open-in-view is enabled by default. Therefore, database queries may be performed during view rendering. Explicitly configure spring.jpa.open-in-view to disable this warning
2020-05-09 22:58:52.878  INFO 26012 --- [    Test worker] o.s.b.a.w.s.WelcomePageHandlerMapping    : Adding welcome page template: index
2020-05-09 22:58:54.408  INFO 26012 --- [    Test worker] s.a.ScheduledAnnotationBeanPostProcessor : No TaskScheduler/ScheduledExecutorService bean found for scheduled processing
2020-05-09 22:58:54.478  INFO 26012 --- [    Test worker] o.s.b.w.embedded.tomcat.TomcatWebServer  : Tomcat started on port(s): 3417 (http) with context path ''
2020-05-09 22:58:54.480  INFO 26012 --- [    Test worker] c.h.p.s.web.IndexControllerTest          : Started IndexControllerTest in 10.74 seconds (JVM running for 41.657)
2020-05-09 22:58:54.925  INFO 26012 --- [o-auto-1-exec-1] o.a.c.c.C.[Tomcat].[localhost].[/]       : Initializing Spring DispatcherServlet 'dispatcherServlet'
2020-05-09 22:58:54.925  INFO 26012 --- [o-auto-1-exec-1] o.s.web.servlet.DispatcherServlet        : Initializing Servlet 'dispatcherServlet'
2020-05-09 22:58:55.046  INFO 26012 --- [o-auto-1-exec-1] o.s.web.servlet.DispatcherServlet        : Completed initialization in 120 ms
Hibernate: select posts0_.id as id1_0_, posts0_.created_date as created_2_0_, posts0_.modified_date as modified3_0_, posts0_.author as author4_0_, posts0_.content as content5_0_, posts0_.title as title6_0_ from posts posts0_ order by posts0_.id DESC
]]></system-out>
  <system-err><![CDATA[]]></system-err>
</testsuite>
