<?xml version="1.0" encoding="UTF-8"?>
<testsuite name="com.hyunro.practice.springboot.domain.posts.PostsRepositoryTest" tests="2" skipped="0" failures="0" errors="0" timestamp="2020-05-09T13:58:42" hostname="DUK" time="0.654">
  <properties/>
  <testcase name="게시글저장_불러오기" classname="com.hyunro.practice.springboot.domain.posts.PostsRepositoryTest" time="0.628"/>
  <testcase name="BaseTimeENtity_등록" classname="com.hyunro.practice.springboot.domain.posts.PostsRepositoryTest" time="0.024"/>
  <system-out><![CDATA[2020-05-09 22:58:27.006  INFO 26012 --- [    Test worker] .b.t.c.SpringBootTestContextBootstrapper : Neither @ContextConfiguration nor @ContextHierarchy found for test class [com.hyunro.practice.springboot.domain.posts.PostsRepositoryTest], using SpringBootContextLoader
2020-05-09 22:58:27.008  INFO 26012 --- [    Test worker] o.s.t.c.support.AbstractContextLoader    : Could not detect default resource locations for test class [com.hyunro.practice.springboot.domain.posts.PostsRepositoryTest]: no resource found for suffixes {-context.xml, Context.groovy}.
2020-05-09 22:58:27.009  INFO 26012 --- [    Test worker] t.c.s.AnnotationConfigContextLoaderUtils : Could not detect default configuration classes for test class [com.hyunro.practice.springboot.domain.posts.PostsRepositoryTest]: PostsRepositoryTest does not declare any static, non-private, non-final, nested classes annotated with @Configuration.
2020-05-09 22:58:27.041  INFO 26012 --- [    Test worker] .b.t.c.SpringBootTestContextBootstrapper : Found @SpringBootConfiguration com.hyunro.practice.springboot.Application for test class com.hyunro.practice.springboot.domain.posts.PostsRepositoryTest
2020-05-09 22:58:27.048  INFO 26012 --- [    Test worker] .b.t.c.SpringBootTestContextBootstrapper : Loaded default TestExecutionListener class names from location [META-INF/spring.factories]: [org.springframework.security.test.context.support.WithSecurityContextTestExecutionListener, org.springframework.security.test.context.support.ReactorContextTestExecutionListener, org.springframework.boot.test.autoconfigure.restdocs.RestDocsTestExecutionListener, org.springframework.boot.test.autoconfigure.web.client.MockRestServiceServerResetTestExecutionListener, org.springframework.boot.test.autoconfigure.web.servlet.MockMvcPrintOnlyOnFailureTestExecutionListener, org.springframework.boot.test.autoconfigure.web.servlet.WebDriverTestExecutionListener, org.springframework.boot.test.mock.mockito.MockitoTestExecutionListener, org.springframework.boot.test.mock.mockito.ResetMocksTestExecutionListener, org.springframework.test.context.web.ServletTestExecutionListener, org.springframework.test.context.support.DirtiesContextBeforeModesTestExecutionListener, org.springframework.test.context.support.DependencyInjectionTestExecutionListener, org.springframework.test.context.support.DirtiesContextTestExecutionListener, org.springframework.test.context.transaction.TransactionalTestExecutionListener, org.springframework.test.context.jdbc.SqlScriptsTestExecutionListener]
2020-05-09 22:58:27.050  INFO 26012 --- [    Test worker] .b.t.c.SpringBootTestContextBootstrapper : Using TestExecutionListeners: [org.springframework.test.context.web.ServletTestExecutionListener@4698a63e, org.springframework.test.context.support.DirtiesContextBeforeModesTestExecutionListener@108419e6, org.springframework.boot.test.mock.mockito.MockitoTestExecutionListener@4df05174, org.springframework.boot.test.autoconfigure.SpringBootDependencyInjectionTestExecutionListener@2ca7870b, org.springframework.test.context.support.DirtiesContextTestExecutionListener@2f0d7df7, org.springframework.test.context.transaction.TransactionalTestExecutionListener@1ff61ad9, org.springframework.test.context.jdbc.SqlScriptsTestExecutionListener@504283a2, org.springframework.security.test.context.support.WithSecurityContextTestExecutionListener@40cdc97e, org.springframework.security.test.context.support.ReactorContextTestExecutionListener@46be655, org.springframework.boot.test.autoconfigure.restdocs.RestDocsTestExecutionListener@2b6414d3, org.springframework.boot.test.autoconfigure.web.client.MockRestServiceServerResetTestExecutionListener@6f7fdd8e, org.springframework.boot.test.autoconfigure.web.servlet.MockMvcPrintOnlyOnFailureTestExecutionListener@41d76f26, org.springframework.boot.test.autoconfigure.web.servlet.WebDriverTestExecutionListener@1ad57007, org.springframework.boot.test.mock.mockito.ResetMocksTestExecutionListener@111c3d02]

  .   ____          _            __ _ _
 /\\ / ___'_ __ _ _(_)_ __  __ _ \ \ \ \
( ( )\___ | '_ | '_| | '_ \/ _` | \ \ \ \
 \\/  ___)| |_)| | | | | || (_| |  ) ) ) )
  '  |____| .__|_| |_|_| |_\__, | / / / /
 =========|_|==============|___/=/_/_/_/
 :: Spring Boot ::        (v2.1.7.RELEASE)

2020-05-09 22:58:27.141  INFO 26012 --- [    Test worker] c.h.p.s.d.posts.PostsRepositoryTest      : Starting PostsRepositoryTest on DUK with PID 26012 (started by DU Kang in C:\Users\DU Kang\mygithubprojects\SpringBoot)
2020-05-09 22:58:27.142  INFO 26012 --- [    Test worker] c.h.p.s.d.posts.PostsRepositoryTest      : No active profile set, falling back to default profiles: default
2020-05-09 22:58:28.728  INFO 26012 --- [    Test worker] .s.d.r.c.RepositoryConfigurationDelegate : Bootstrapping Spring Data repositories in DEFAULT mode.
2020-05-09 22:58:28.976  INFO 26012 --- [    Test worker] .s.d.r.c.RepositoryConfigurationDelegate : Finished Spring Data repository scanning in 220ms. Found 2 repository interfaces.
2020-05-09 22:58:29.788  INFO 26012 --- [    Test worker] trationDelegate$BeanPostProcessorChecker : Bean 'org.springframework.transaction.annotation.ProxyTransactionManagementConfiguration' of type [org.springframework.transaction.annotation.ProxyTransactionManagementConfiguration$$EnhancerBySpringCGLIB$$7c0d766b] is not eligible for getting processed by all BeanPostProcessors (for example: not eligible for auto-proxying)
2020-05-09 22:58:30.363  INFO 26012 --- [    Test worker] com.zaxxer.hikari.HikariDataSource       : HikariPool-1 - Starting...
2020-05-09 22:58:30.848  INFO 26012 --- [    Test worker] com.zaxxer.hikari.HikariDataSource       : HikariPool-1 - Start completed.
2020-05-09 22:58:31.116  INFO 26012 --- [    Test worker] o.hibernate.jpa.internal.util.LogHelper  : HHH000204: Processing PersistenceUnitInfo [
	name: default
	...]
2020-05-09 22:58:31.453  INFO 26012 --- [    Test worker] org.hibernate.Version                    : HHH000412: Hibernate Core {5.3.10.Final}
2020-05-09 22:58:31.461  INFO 26012 --- [    Test worker] org.hibernate.cfg.Environment            : HHH000206: hibernate.properties not found
2020-05-09 22:58:31.654  INFO 26012 --- [    Test worker] o.hibernate.annotations.common.Version   : HCANN000001: Hibernate Commons Annotations {5.0.4.Final}
2020-05-09 22:58:32.289  INFO 26012 --- [    Test worker] org.hibernate.dialect.Dialect            : HHH000400: Using dialect: org.hibernate.dialect.H2Dialect
Hibernate: drop table posts if exists
Hibernate: drop table user if exists
Hibernate: create table posts (id bigint generated by default as identity, created_date timestamp, modified_date timestamp, author varchar(255), content TEXT not null, title varchar(500) not null, primary key (id))
Hibernate: create table user (id bigint generated by default as identity, created_date timestamp, modified_date timestamp, email varchar(255) not null, name varchar(255) not null, picture varchar(255), role varchar(255) not null, primary key (id))
2020-05-09 22:58:34.765  INFO 26012 --- [    Test worker] o.h.t.schema.internal.SchemaCreatorImpl  : HHH000476: Executing import script 'org.hibernate.tool.schema.internal.exec.ScriptSourceInputNonExistentImpl@1c64ddc'
2020-05-09 22:58:34.777  INFO 26012 --- [    Test worker] j.LocalContainerEntityManagerFactoryBean : Initialized JPA EntityManagerFactory for persistence unit 'default'
2020-05-09 22:58:37.232  INFO 26012 --- [    Test worker] o.h.h.i.QueryTranslatorFactoryInitiator  : HHH000397: Using ASTQueryTranslatorFactory
2020-05-09 22:58:38.334  INFO 26012 --- [    Test worker] o.s.s.web.DefaultSecurityFilterChain     : Creating filter chain: any request, [org.springframework.security.web.context.request.async.WebAsyncManagerIntegrationFilter@15164b68, org.springframework.security.web.context.SecurityContextPersistenceFilter@50f386b7, org.springframework.security.web.header.HeaderWriterFilter@5a628361, org.springframework.security.web.authentication.logout.LogoutFilter@67f6f382, org.springframework.security.oauth2.client.web.OAuth2AuthorizationRequestRedirectFilter@16006563, org.springframework.security.oauth2.client.web.OAuth2LoginAuthenticationFilter@72c2bdde, org.springframework.security.web.authentication.ui.DefaultLoginPageGeneratingFilter@2b7c1e64, org.springframework.security.web.authentication.ui.DefaultLogoutPageGeneratingFilter@7c2c6acb, org.springframework.security.web.savedrequest.RequestCacheAwareFilter@5dd5d189, org.springframework.security.web.servletapi.SecurityContextHolderAwareRequestFilter@136238d9, org.springframework.security.web.authentication.AnonymousAuthenticationFilter@1be714dd, org.springframework.security.web.session.SessionManagementFilter@18741a53, org.springframework.security.web.access.ExceptionTranslationFilter@47995646, org.springframework.security.web.access.intercept.FilterSecurityInterceptor@29858429]
2020-05-09 22:58:40.251  INFO 26012 --- [    Test worker] o.s.s.concurrent.ThreadPoolTaskExecutor  : Initializing ExecutorService 'applicationTaskExecutor'
2020-05-09 22:58:40.321  WARN 26012 --- [    Test worker] aWebConfiguration$JpaWebMvcConfiguration : spring.jpa.open-in-view is enabled by default. Therefore, database queries may be performed during view rendering. Explicitly configure spring.jpa.open-in-view to disable this warning
2020-05-09 22:58:40.492  INFO 26012 --- [    Test worker] o.s.b.a.w.s.WelcomePageHandlerMapping    : Adding welcome page template: index
2020-05-09 22:58:42.926  INFO 26012 --- [    Test worker] s.a.ScheduledAnnotationBeanPostProcessor : No TaskScheduler/ScheduledExecutorService bean found for scheduled processing
2020-05-09 22:58:42.963  INFO 26012 --- [    Test worker] c.h.p.s.d.posts.PostsRepositoryTest      : Started PostsRepositoryTest in 15.908 seconds (JVM running for 30.14)
Hibernate: insert into posts (id, created_date, modified_date, author, content, title) values (null, ?, ?, ?, ?, ?)
Hibernate: select posts0_.id as id1_0_, posts0_.created_date as created_2_0_, posts0_.modified_date as modified3_0_, posts0_.author as author4_0_, posts0_.content as content5_0_, posts0_.title as title6_0_ from posts posts0_
Hibernate: select posts0_.id as id1_0_, posts0_.created_date as created_2_0_, posts0_.modified_date as modified3_0_, posts0_.author as author4_0_, posts0_.content as content5_0_, posts0_.title as title6_0_ from posts posts0_
Hibernate: delete from posts where id=?
Hibernate: insert into posts (id, created_date, modified_date, author, content, title) values (null, ?, ?, ?, ?, ?)
Hibernate: select posts0_.id as id1_0_, posts0_.created_date as created_2_0_, posts0_.modified_date as modified3_0_, posts0_.author as author4_0_, posts0_.content as content5_0_, posts0_.title as title6_0_ from posts posts0_
>>>>>>>>>> createDate=2020-05-09T22:58:43.613, modifiedDate=2020-05-09T22:58:43.613
Hibernate: select posts0_.id as id1_0_, posts0_.created_date as created_2_0_, posts0_.modified_date as modified3_0_, posts0_.author as author4_0_, posts0_.content as content5_0_, posts0_.title as title6_0_ from posts posts0_
Hibernate: delete from posts where id=?
]]></system-out>
  <system-err><![CDATA[]]></system-err>
</testsuite>
